[2026-02-18 18:10:13.820] [jointLog] [info] setting maxHashResizeThreads to 32
[2026-02-18 18:10:13.820] [jointLog] [info] Fragment incompatibility prior below threshold.  Incompatible fragments will be ignored.
[2026-02-18 18:10:13.820] [jointLog] [info] Usage of --validateMappings implies use of minScoreFraction. Since not explicitly specified, it is being set to 0.65
[2026-02-18 18:10:13.820] [jointLog] [info] Setting consensusSlack to selective-alignment default of 0.35.
[2026-02-18 18:10:13.820] [jointLog] [info] parsing read library format
[2026-02-18 18:10:13.820] [jointLog] [info] There is 1 library.
[2026-02-18 18:10:13.821] [jointLog] [info] Loading pufferfish index
[2026-02-18 18:10:13.823] [jointLog] [info] Loading dense pufferfish index.
[2026-02-18 18:10:13.883] [jointLog] [info] done
[2026-02-18 18:10:13.959] [jointLog] [info] Index contained 6092 targets
[2026-02-18 18:10:13.960] [jointLog] [info] Number of decoys : 0
[2026-02-18 18:10:14.098] [jointLog] [info] Automatically detected most likely library type as U

[2026-02-18 18:10:19.858] [fileLog] [info] 
At end of round 0
==================
Observed 6309292 total fragments (6309292 in most recent round)

[2026-02-18 18:10:19.857] [jointLog] [info] Computed 6898 rich equivalence classes for further processing
[2026-02-18 18:10:19.857] [jointLog] [info] Counted 5822416 total reads in the equivalence classes 
[2026-02-18 18:10:19.871] [jointLog] [info] Number of mappings discarded because of alignment score : 126778
[2026-02-18 18:10:19.871] [jointLog] [info] Number of fragments entirely discarded because of alignment score : 37572
[2026-02-18 18:10:19.871] [jointLog] [info] Number of fragments discarded because they are best-mapped to decoys : 0
[2026-02-18 18:10:19.871] [jointLog] [info] Number of fragments discarded because they have only dovetail (discordant) mappings to valid targets : 0
[2026-02-18 18:10:19.871] [jointLog] [info] Mapping rate = 92.2832%

[2026-02-18 18:10:19.871] [jointLog] [info] finished quantifyLibrary()
[2026-02-18 18:10:20.312] [jointLog] [info] Starting optimizer
[2026-02-18 18:10:20.317] [jointLog] [info] Marked 0 weighted equivalence classes as degenerate
[2026-02-18 18:10:20.317] [jointLog] [info] iteration = 0 | max rel diff. = 27097.3
[2026-02-18 18:10:20.375] [jointLog] [info] iteration = 100 | max rel diff. = 0.101918
[2026-02-18 18:10:20.381] [jointLog] [info] iteration = 112 | max rel diff. = 0.00415987
[2026-02-18 18:10:20.382] [jointLog] [info] Finished optimizer
[2026-02-18 18:10:20.382] [jointLog] [info] writing output 

