[2026-02-18 18:10:21.979] [jointLog] [info] setting maxHashResizeThreads to 32
[2026-02-18 18:10:21.979] [jointLog] [info] Fragment incompatibility prior below threshold.  Incompatible fragments will be ignored.
[2026-02-18 18:10:21.979] [jointLog] [info] Usage of --validateMappings implies use of minScoreFraction. Since not explicitly specified, it is being set to 0.65
[2026-02-18 18:10:21.979] [jointLog] [info] Setting consensusSlack to selective-alignment default of 0.35.
[2026-02-18 18:10:21.979] [jointLog] [info] parsing read library format
[2026-02-18 18:10:21.980] [jointLog] [info] There is 1 library.
[2026-02-18 18:10:21.982] [jointLog] [info] Loading pufferfish index
[2026-02-18 18:10:21.983] [jointLog] [info] Loading dense pufferfish index.
[2026-02-18 18:10:22.046] [jointLog] [info] done
[2026-02-18 18:10:22.116] [jointLog] [info] Index contained 6092 targets
[2026-02-18 18:10:22.118] [jointLog] [info] Number of decoys : 0
[2026-02-18 18:10:22.269] [jointLog] [info] Automatically detected most likely library type as U

[2026-02-18 18:10:28.437] [jointLog] [info] Computed 7133 rich equivalence classes for further processing
[2026-02-18 18:10:28.437] [jointLog] [info] Counted 5774189 total reads in the equivalence classes 
[2026-02-18 18:10:28.452] [jointLog] [info] Number of mappings discarded because of alignment score : 171389
[2026-02-18 18:10:28.452] [jointLog] [info] Number of fragments entirely discarded because of alignment score : 59987
[2026-02-18 18:10:28.452] [jointLog] [info] Number of fragments discarded because they are best-mapped to decoys : 0
[2026-02-18 18:10:28.452] [jointLog] [info] Number of fragments discarded because they have only dovetail (discordant) mappings to valid targets : 0
[2026-02-18 18:10:28.452] [jointLog] [info] Mapping rate = 85.7348%

[2026-02-18 18:10:28.452] [jointLog] [info] finished quantifyLibrary()
[2026-02-18 18:10:28.466] [jointLog] [info] Starting optimizer
[2026-02-18 18:10:28.470] [jointLog] [info] Marked 0 weighted equivalence classes as degenerate
[2026-02-18 18:10:28.471] [jointLog] [info] iteration = 0 | max rel diff. = 1855.5
[2026-02-18 18:10:28.565] [jointLog] [info] iteration = 100 | max rel diff. = 0.576006
[2026-02-18 18:10:28.575] [jointLog] [info] iteration = 117 | max rel diff. = 0.00660736
[2026-02-18 18:10:28.576] [jointLog] [info] Finished optimizer
[2026-02-18 18:10:28.576] [jointLog] [info] writing output 

[2026-02-18 18:10:28.437] [fileLog] [info] 
At end of round 0
==================
Observed 6734945 total fragments (6734945 in most recent round)

