[2026-02-18 18:09:38.581] [jointLog] [info] setting maxHashResizeThreads to 32
[2026-02-18 18:09:38.581] [jointLog] [info] Fragment incompatibility prior below threshold.  Incompatible fragments will be ignored.
[2026-02-18 18:09:38.581] [jointLog] [info] Usage of --validateMappings implies use of minScoreFraction. Since not explicitly specified, it is being set to 0.65
[2026-02-18 18:09:38.581] [jointLog] [info] Setting consensusSlack to selective-alignment default of 0.35.
[2026-02-18 18:09:38.581] [jointLog] [info] parsing read library format
[2026-02-18 18:09:38.581] [jointLog] [info] There is 1 library.
[2026-02-18 18:09:38.582] [jointLog] [info] Loading pufferfish index
[2026-02-18 18:09:38.583] [jointLog] [info] Loading dense pufferfish index.
[2026-02-18 18:09:38.643] [jointLog] [info] done
[2026-02-18 18:09:38.725] [jointLog] [info] Index contained 6092 targets
[2026-02-18 18:09:38.727] [jointLog] [info] Number of decoys : 0
[2026-02-18 18:09:38.881] [jointLog] [info] Automatically detected most likely library type as U

[2026-02-18 18:09:45.337] [jointLog] [info] Computed 6898 rich equivalence classes for further processing
[2026-02-18 18:09:45.337] [jointLog] [info] Counted 5687732 total reads in the equivalence classes 
[2026-02-18 18:09:45.351] [jointLog] [info] Number of mappings discarded because of alignment score : 235314
[2026-02-18 18:09:45.351] [jointLog] [info] Number of fragments entirely discarded because of alignment score : 96682
[2026-02-18 18:09:45.351] [jointLog] [info] Number of fragments discarded because they are best-mapped to decoys : 0
[2026-02-18 18:09:45.351] [jointLog] [info] Number of fragments discarded because they have only dovetail (discordant) mappings to valid targets : 0
[2026-02-18 18:09:45.351] [jointLog] [info] Mapping rate = 82.287%

[2026-02-18 18:09:45.351] [jointLog] [info] finished quantifyLibrary()
[2026-02-18 18:09:45.461] [jointLog] [info] Starting optimizer
[2026-02-18 18:09:45.465] [jointLog] [info] Marked 0 weighted equivalence classes as degenerate
[2026-02-18 18:09:45.465] [jointLog] [info] iteration = 0 | max rel diff. = 10788.7
[2026-02-18 18:09:45.559] [jointLog] [info] iteration = 100 | max rel diff. = 0.127409
[2026-02-18 18:09:45.661] [jointLog] [info] iteration = 173 | max rel diff. = 0.00140362
[2026-02-18 18:09:45.662] [jointLog] [info] Finished optimizer
[2026-02-18 18:09:45.662] [jointLog] [info] writing output 

[2026-02-18 18:09:45.338] [fileLog] [info] 
At end of round 0
==================
Observed 6912070 total fragments (6912070 in most recent round)

